0 info it worked if it ends with ok
1 verbose cli [ '/usr/bin/node', '/usr/bin/npm', 'run', 'dev' ]
2 info using npm@3.10.3
3 info using node@v6.3.0
4 verbose run-script [ 'predev', 'dev', 'postdev' ]
5 info lifecycle react-redux-starter-kit@0.0.1~predev: react-redux-starter-kit@0.0.1
6 silly lifecycle react-redux-starter-kit@0.0.1~predev: no script for predev, continuing
7 info lifecycle react-redux-starter-kit@0.0.1~dev: react-redux-starter-kit@0.0.1
8 verbose lifecycle react-redux-starter-kit@0.0.1~dev: unsafe-perm in lifecycle true
9 verbose lifecycle react-redux-starter-kit@0.0.1~dev: PATH: /usr/lib/node_modules/npm/bin/node-gyp-bin:/web/www/default/node_modules/.bin:/usr/bin:/web/app/nginx/sbin:/web/app/php/bin:/web/app/mysql/bin:/usr/local/sbin:/usr/local/bin:/usr/sbin:/usr/bin
10 verbose lifecycle react-redux-starter-kit@0.0.1~dev: CWD: /web/www/default
11 silly lifecycle react-redux-starter-kit@0.0.1~dev: Args: [ '-c',
11 silly lifecycle   'NODE_ENV=development webpack --config ./webpack/webpack.dev.render.config.js && NODE_ENV=development node server.js' ]
12 silly lifecycle react-redux-starter-kit@0.0.1~dev: Returned: code: 1  signal: null
13 info lifecycle react-redux-starter-kit@0.0.1~dev: Failed to exec dev script
14 verbose stack Error: react-redux-starter-kit@0.0.1 dev: `NODE_ENV=development webpack --config ./webpack/webpack.dev.render.config.js && NODE_ENV=development node server.js`
14 verbose stack Exit status 1
14 verbose stack     at EventEmitter.<anonymous> (/usr/lib/node_modules/npm/lib/utils/lifecycle.js:242:16)
14 verbose stack     at emitTwo (events.js:106:13)
14 verbose stack     at EventEmitter.emit (events.js:191:7)
14 verbose stack     at ChildProcess.<anonymous> (/usr/lib/node_modules/npm/lib/utils/spawn.js:40:14)
14 verbose stack     at emitTwo (events.js:106:13)
14 verbose stack     at ChildProcess.emit (events.js:191:7)
14 verbose stack     at maybeClose (internal/child_process.js:852:16)
14 verbose stack     at Process.ChildProcess._handle.onexit (internal/child_process.js:215:5)
15 verbose pkgid react-redux-starter-kit@0.0.1
16 verbose cwd /web/www/default
17 error Linux 3.10.0-327.22.2.el7.x86_64
18 error argv "/usr/bin/node" "/usr/bin/npm" "run" "dev"
19 error node v6.3.0
20 error npm  v3.10.3
21 error code ELIFECYCLE
22 error react-redux-starter-kit@0.0.1 dev: `NODE_ENV=development webpack --config ./webpack/webpack.dev.render.config.js && NODE_ENV=development node server.js`
22 error Exit status 1
23 error Failed at the react-redux-starter-kit@0.0.1 dev script 'NODE_ENV=development webpack --config ./webpack/webpack.dev.render.config.js && NODE_ENV=development node server.js'.
23 error Make sure you have the latest version of node.js and npm installed.
23 error If you do, this is most likely a problem with the react-redux-starter-kit package,
23 error not with npm itself.
23 error Tell the author that this fails on your system:
23 error     NODE_ENV=development webpack --config ./webpack/webpack.dev.render.config.js && NODE_ENV=development node server.js
23 error You can get information on how to open an issue for this project with:
23 error     npm bugs react-redux-starter-kit
23 error Or if that isn't available, you can get their info via:
23 error     npm owner ls react-redux-starter-kit
23 error There is likely additional logging output above.
24 verbose exit [ 1, true ]
